Event_FDBK_Andmin/app/build/outputs/logs/manifest-merger-debug-report.txt
-- Merging decision tree log ---
manifest
ADDED from src\main\AndroidManifest.xml:2:1-64:12
	package
		ADDED from src\main\AndroidManifest.xml:3:5-31
		INJECTED from src\main\AndroidManifest.xml
		INJECTED from src\main\AndroidManifest.xml
	android:versionName
		ADDED from src\main\AndroidManifest.xml:5:5-30
		INJECTED from src\main\AndroidManifest.xml
		INJECTED from src\main\AndroidManifest.xml
	android:versionCode
		ADDED from src\main\AndroidManifest.xml:4:5-28
		INJECTED from src\main\AndroidManifest.xml
		INJECTED from src\main\AndroidManifest.xml
	xmlns:android
		ADDED from src\main\AndroidManifest.xml:2:11-69
uses-sdk
ADDED from src\main\AndroidManifest.xml:7:5-9:41
MERGED from [com.android.support:support-v4:24.2.1] AndroidManifest.xml:21:5-23:54
MERGED from [com.android.support:support-compat:24.2.1] AndroidManifest.xml:21:5-23:58
MERGED from [com.android.support:support-media-compat:24.2.1] AndroidManifest.xml:21:5-23:63
MERGED from [com.android.support:support-core-utils:24.2.1] AndroidManifest.xml:21:5-23:61
MERGED from [com.android.support:support-core-ui:24.2.1] AndroidManifest.xml:21:5-23:58
MERGED from [com.android.support:support-fragment:24.2.1] AndroidManifest.xml:21:5-23:60
	tools:overrideLibrary
		ADDED from [com.android.support:support-v4:24.2.1] AndroidManifest.xml:23:9-51
	android:targetSdkVersion
		ADDED from src\main\AndroidManifest.xml:9:9-38
		INJECTED from src\main\AndroidManifest.xml
		INJECTED from src\main\AndroidManifest.xml
	android:minSdkVersion
		ADDED from src\main\AndroidManifest.xml:8:9-35
		INJECTED from src\main\AndroidManifest.xml
		INJECTED from src\main\AndroidManifest.xml
uses-permission#android.permission.ACCESS_NETWORK_STATE
ADDED from src\main\AndroidManifest.xml:11:5-79
	android:name
		ADDED from src\main\AndroidManifest.xml:11:22-76
uses-permission#android.permission.INTERNET
ADDED from src\main\AndroidManifest.xml:12:5-67
	android:name
		ADDED from src\main\AndroidManifest.xml:12:22-64
application
ADDED from src\main\AndroidManifest.xml:14:5-62:19
MERGED from [com.android.support:support-v4:24.2.1] AndroidManifest.xml:25:5-20
MERGED from [com.android.support:support-compat:24.2.1] AndroidManifest.xml:25:5-20
MERGED from [com.android.support:support-media-compat:24.2.1] AndroidManifest.xml:25:5-20
MERGED from [com.android.support:support-core-utils:24.2.1] AndroidManifest.xml:25:5-20
MERGED from [com.android.support:support-core-ui:24.2.1] AndroidManifest.xml:25:5-20
MERGED from [com.android.support:support-fragment:24.2.1] AndroidManifest.xml:25:5-20
	android:label
		ADDED from src\main\AndroidManifest.xml:17:9-41
	android:allowBackup
		ADDED from src\main\AndroidManifest.xml:15:9-35
	android:icon
		ADDED from src\main\AndroidManifest.xml:16:9-37
	android:theme
		ADDED from src\main\AndroidManifest.xml:18:9-40
activity#org.mgr.eventapp.HomeScreen
ADDED from src\main\AndroidManifest.xml:19:9-29:20
	android:label
		ADDED from src\main\AndroidManifest.xml:22:13-45
	android:configChanges
		ADDED from src\main\AndroidManifest.xml:21:13-74
	android:theme
		ADDED from src\main\AndroidManifest.xml:23:13-51
	android:name
		ADDED from src\main\AndroidManifest.xml:20:13-39
intent-filter#android.intent.action.MAIN+android.intent.category.LAUNCHER
ADDED from src\main\AndroidManifest.xml:24:13-28:29
action#android.intent.action.MAIN
ADDED from src\main\AndroidManifest.xml:25:17-69
	android:name
		ADDED from src\main\AndroidManifest.xml:25:25-66
category#android.intent.category.LAUNCHER
ADDED from src\main\AndroidManifest.xml:27:17-77
	android:name
		ADDED from src\main\AndroidManifest.xml:27:27-74
activity#org.mgr.eventapp.LoginActivity
ADDED from src\main\AndroidManifest.xml:30:9-33:20
	android:label
		ADDED from src\main\AndroidManifest.xml:32:13-57
	android:name
		ADDED from src\main\AndroidManifest.xml:31:13-42
activity#org.mgr.eventapp.HomeActivity
ADDED from src\main\AndroidManifest.xml:34:9-37:20
	android:label
		ADDED from src\main\AndroidManifest.xml:36:13-56
	android:name
		ADDED from src\main\AndroidManifest.xml:35:13-41
activity#org.mgr.eventapp.DataViewActivity
ADDED from src\main\AndroidManifest.xml:38:9-45:20
	android:label
		ADDED from src\main\AndroidManifest.xml:40:13-61
	android:parentActivityName
		ADDED from src\main\AndroidManifest.xml:41:13-55
	android:name
		ADDED from src\main\AndroidManifest.xml:39:13-45
meta-data#android.support.PARENT_ACTIVITY
ADDED from src\main\AndroidManifest.xml:42:13-44:65
	android:value
		ADDED from src\main\AndroidManifest.xml:44:17-62
	android:name
		ADDED from src\main\AndroidManifest.xml:43:17-63
activity#org.mgr.eventapp.ChangeDataActivity
ADDED from src\main\AndroidManifest.xml:46:9-53:20
	android:label
		ADDED from src\main\AndroidManifest.xml:48:13-63
	android:parentActivityName
		ADDED from src\main\AndroidManifest.xml:49:13-55
	android:name
		ADDED from src\main\AndroidManifest.xml:47:13-47
activity#org.mgr.eventapp.ResultViewActivity
ADDED from src\main\AndroidManifest.xml:54:9-61:20
	android:label
		ADDED from src\main\AndroidManifest.xml:56:13-63
	android:parentActivityName
		ADDED from src\main\AndroidManifest.xml:57:13-55
	android:name
		ADDED from src\main\AndroidManifest.xml:55:13-47